{
  "RSpec": {
    "coverage": {
      "/home/tfleming/real-prairie-delights/spec/features/creating_recipes_spec.rb": [
        1,
        null,
        1,
        1,
        1,
        null,
        1,
        null,
        1,
        1,
        1,
        1,
        1,
        null,
        1,
        null,
        null
      ],
      "/home/tfleming/real-prairie-delights/spec/rails_helper.rb": [
        null,
        1,
        1,
        1,
        null,
        1,
        1,
        null,
        null,
        null,
        null,
        null,
        null,
        null,
        null,
        null,
        null,
        null,
        null,
        null,
        null,
        null,
        null,
        null,
        null,
        null,
        null,
        1,
        null,
        0,
        0,
        null,
        1,
        null,
        1,
        null,
        null,
        null,
        null,
        1,
        null,
        null,
        null,
        null,
        null,
        null,
        null,
        null,
        null,
        null,
        null,
        null,
        null,
        null,
        null,
        null,
        null,
        1,
        null,
        null,
        1,
        null,
        null,
        null
      ],
      "/home/tfleming/real-prairie-delights/config/environment.rb": [
        null,
        1,
        null,
        null,
        1
      ],
      "/home/tfleming/real-prairie-delights/config/application.rb": [
        1,
        null,
        1,
        null,
        1,
        1,
        1,
        1,
        1,
        1,
        null,
        null,
        1,
        null,
        1,
        null,
        null,
        null,
        null,
        1,
        null,
        1,
        1,
        null,
        1,
        null,
        null,
        null,
        null,
        null,
        null,
        null,
        1,
        null,
        null
      ],
      "/home/tfleming/real-prairie-delights/config/boot.rb": [
        1,
        null,
        1,
        1
      ],
      "/home/tfleming/real-prairie-delights/config/environments/test.rb": [
        null,
        null,
        null,
        null,
        null,
        1,
        null,
        null,
        1,
        null,
        null,
        null,
        null,
        1,
        null,
        null,
        1,
        1,
        null,
        null,
        null,
        null,
        1,
        1,
        1,
        null,
        null,
        1,
        null,
        null,
        1,
        null,
        null,
        1,
        null,
        1,
        null,
        null,
        null,
        null,
        1,
        null,
        null,
        1,
        null,
        null,
        null,
        null
      ],
      "/home/tfleming/real-prairie-delights/config/initializers/application_controller_renderer.rb": [
        null,
        null,
        null,
        null,
        null,
        null,
        null,
        null
      ],
      "/home/tfleming/real-prairie-delights/config/initializers/assets.rb": [
        null,
        null,
        null,
        1,
        null,
        null,
        null,
        null,
        1,
        null,
        null,
        null,
        null,
        null
      ],
      "/home/tfleming/real-prairie-delights/config/initializers/backtrace_silencers.rb": [
        null,
        null,
        null,
        null,
        null,
        null,
        null
      ],
      "/home/tfleming/real-prairie-delights/config/initializers/content_security_policy.rb": [
        null,
        null,
        null,
        null,
        null,
        null,
        null,
        null,
        null,
        null,
        null,
        null,
        null,
        null,
        null,
        null,
        null,
        null,
        null,
        null,
        null,
        null,
        null,
        null,
        null,
        null,
        null,
        null,
        null,
        null
      ],
      "/home/tfleming/real-prairie-delights/config/initializers/cookies_serializer.rb": [
        null,
        null,
        null,
        null,
        1
      ],
      "/home/tfleming/real-prairie-delights/config/initializers/filter_parameter_logging.rb": [
        null,
        null,
        null,
        1
      ],
      "/home/tfleming/real-prairie-delights/config/initializers/inflections.rb": [
        null,
        null,
        null,
        null,
        null,
        null,
        null,
        null,
        null,
        null,
        null,
        null,
        null,
        null,
        null,
        null
      ],
      "/home/tfleming/real-prairie-delights/config/initializers/mime_types.rb": [
        null,
        null,
        null,
        null
      ],
      "/home/tfleming/real-prairie-delights/config/initializers/wrap_parameters.rb": [
        null,
        null,
        null,
        null,
        null,
        null,
        1,
        2,
        null,
        null,
        null,
        null,
        null,
        null
      ],
      "/home/tfleming/real-prairie-delights/config/routes.rb": [
        1,
        1,
        1,
        null
      ],
      "/home/tfleming/real-prairie-delights/app/helpers/application_helper.rb": [
        1,
        null
      ],
      "/home/tfleming/real-prairie-delights/app/helpers/recipes_helper.rb": [
        1,
        null
      ],
      "/home/tfleming/real-prairie-delights/app/helpers/static_helper.rb": [
        1,
        null
      ],
      "/home/tfleming/real-prairie-delights/spec/requests/recipes_request_spec.rb": [
        1,
        null,
        1,
        null,
        null
      ],
      "/home/tfleming/real-prairie-delights/spec/requests/static_request_spec.rb": [
        1,
        null,
        1,
        null,
        1,
        1,
        1,
        1,
        null,
        null,
        null
      ],
      "/home/tfleming/real-prairie-delights/app/controllers/static_controller.rb": [
        1,
        1,
        null,
        null
      ],
      "/home/tfleming/real-prairie-delights/app/controllers/application_controller.rb": [
        1,
        null
      ],
      "/home/tfleming/real-prairie-delights/app/controllers/recipes_controller.rb": [
        1,
        1,
        null,
        null,
        1,
        1,
        null,
        null,
        1,
        1,
        null,
        1,
        1,
        1,
        null,
        null,
        null,
        null,
        null,
        1,
        1,
        null,
        null,
        1,
        null,
        1,
        1,
        null,
        null
      ],
      "/home/tfleming/real-prairie-delights/app/models/recipe.rb": [
        1,
        null
      ],
      "/home/tfleming/real-prairie-delights/app/models/application_record.rb": [
        1,
        1,
        null
      ]
    },
    "timestamp": 1593903249
  }
}
